[2018-07-23T22:37:11.379+0700] [glassfish 4.1] [INFO] [NCLS-LOGGING-00009] [javax.enterprise.logging] [tid: _ThreadID=18 _ThreadName=RunLevelControllerThread-1532360224045] [timeMillis: 1532360231379] [levelValue: 800] [[
  Running GlassFish Version: GlassFish Server Open Source Edition  4.1.1  (build 1)]]

[2018-07-23T22:37:11.384+0700] [glassfish 4.1] [INFO] [NCLS-LOGGING-00010] [javax.enterprise.logging] [tid: _ThreadID=18 _ThreadName=RunLevelControllerThread-1532360224045] [timeMillis: 1532360231384] [levelValue: 800] [[
  Server log file is using Formatter class: com.sun.enterprise.server.logging.ODLLogFormatter]]

[2018-07-23T22:37:13.112+0700] [glassfish 4.1] [INFO] [NCLS-SECURITY-01115] [javax.enterprise.system.core.security] [tid: _ThreadID=17 _ThreadName=RunLevelControllerThread-1532360224043] [timeMillis: 1532360233112] [levelValue: 800] [[
  Realm [admin-realm] of classtype [com.sun.enterprise.security.auth.realm.file.FileRealm] successfully created.]]

[2018-07-23T22:37:13.116+0700] [glassfish 4.1] [INFO] [NCLS-SECURITY-01115] [javax.enterprise.system.core.security] [tid: _ThreadID=17 _ThreadName=RunLevelControllerThread-1532360224043] [timeMillis: 1532360233116] [levelValue: 800] [[
  Realm [file] of classtype [com.sun.enterprise.security.auth.realm.file.FileRealm] successfully created.]]

[2018-07-23T22:37:13.122+0700] [glassfish 4.1] [INFO] [NCLS-SECURITY-01115] [javax.enterprise.system.core.security] [tid: _ThreadID=17 _ThreadName=RunLevelControllerThread-1532360224043] [timeMillis: 1532360233122] [levelValue: 800] [[
  Realm [certificate] of classtype [com.sun.enterprise.security.auth.realm.certificate.CertificateRealm] successfully created.]]

[2018-07-23T22:37:14.886+0700] [glassfish 4.1] [INFO] [] [org.hibernate.validator.internal.util.Version] [tid: _ThreadID=18 _ThreadName=RunLevelControllerThread-1532360224045] [timeMillis: 1532360234886] [levelValue: 800] [[
  HV000001: Hibernate Validator 5.1.2.Final]]

[2018-07-23T22:37:15.227+0700] [glassfish 4.1] [INFO] [] [org.glassfish.ha.store.spi.BackingStoreFactoryRegistry] [tid: _ThreadID=20 _ThreadName=RunLevelControllerThread-1532360224055] [timeMillis: 1532360235227] [levelValue: 800] [[
  Registered org.glassfish.ha.store.adapter.cache.ShoalBackingStoreProxy for persistence-type = replicated in BackingStoreFactoryRegistry]]

[2018-07-23T22:37:15.752+0700] [glassfish 4.1] [INFO] [SEC-SVCS-00100] [javax.enterprise.security.services] [tid: _ThreadID=19 _ThreadName=RunLevelControllerThread-1532360224055] [timeMillis: 1532360235752] [levelValue: 800] [[
  Authorization Service has successfully initialized.]]

[2018-07-23T22:37:17.782+0700] [glassfish 4.1] [WARNING] [] [org.glassfish.grizzly.config.Utils] [tid: _ThreadID=17 _ThreadName=RunLevelControllerThread-1532360224043] [timeMillis: 1532360237782] [levelValue: 900] [[
  Instance could not be initialized. Class=interface org.glassfish.grizzly.http.server.AddOn, name=http-listener-1, realClassName=org.glassfish.grizzly.http2.Http2AddOn]]

[2018-07-23T22:37:19.911+0700] [glassfish 4.1] [INFO] [NCLS-CORE-00087] [javax.enterprise.system.core] [tid: _ThreadID=17 _ThreadName=RunLevelControllerThread-1532360224043] [timeMillis: 1532360239911] [levelValue: 800] [[
  Grizzly Framework 2.3.23 started in: 2,066ms - bound to [/0.0.0.0:8080]]]

[2018-07-23T22:37:19.943+0700] [glassfish 4.1] [WARNING] [] [org.glassfish.grizzly.config.Utils] [tid: _ThreadID=17 _ThreadName=RunLevelControllerThread-1532360224043] [timeMillis: 1532360239943] [levelValue: 900] [[
  Instance could not be initialized. Class=interface org.glassfish.grizzly.http.server.AddOn, name=http-listener-2, realClassName=org.glassfish.grizzly.http2.Http2AddOn]]

[2018-07-23T22:37:19.963+0700] [glassfish 4.1] [INFO] [NCLS-CORE-00087] [javax.enterprise.system.core] [tid: _ThreadID=17 _ThreadName=RunLevelControllerThread-1532360224043] [timeMillis: 1532360239963] [levelValue: 800] [[
  Grizzly Framework 2.3.23 started in: 3ms - bound to [/0.0.0.0:8181]]]

[2018-07-23T22:37:19.965+0700] [glassfish 4.1] [WARNING] [] [org.glassfish.grizzly.config.Utils] [tid: _ThreadID=17 _ThreadName=RunLevelControllerThread-1532360224043] [timeMillis: 1532360239965] [levelValue: 900] [[
  Instance could not be initialized. Class=interface org.glassfish.grizzly.http.server.AddOn, name=admin-listener, realClassName=org.glassfish.grizzly.http2.Http2AddOn]]

[2018-07-23T22:37:20.008+0700] [glassfish 4.1] [INFO] [NCLS-CORE-00087] [javax.enterprise.system.core] [tid: _ThreadID=17 _ThreadName=RunLevelControllerThread-1532360224043] [timeMillis: 1532360240008] [levelValue: 800] [[
  Grizzly Framework 2.3.23 started in: 36ms - bound to [/0.0.0.0:4848]]]

[2018-07-23T22:37:20.677+0700] [glassfish 4.1] [INFO] [NCLS-CORE-00087] [javax.enterprise.system.core] [tid: _ThreadID=20 _ThreadName=RunLevelControllerThread-1532360224055] [timeMillis: 1532360240677] [levelValue: 800] [[
  Grizzly Framework 2.3.23 started in: 2ms - bound to [/0.0.0.0:3700]]]

[2018-07-23T22:37:20.681+0700] [glassfish 4.1] [INFO] [NCLS-CORE-00017] [javax.enterprise.system.core] [tid: _ThreadID=1 _ThreadName=main] [timeMillis: 1532360240681] [levelValue: 800] [[
  GlassFish Server Open Source Edition  4.1.1  (1) startup time : Felix (15,044ms), startup services(16,643ms), total(31,687ms)]]

[2018-07-23T22:37:21.748+0700] [glassfish 4.1] [INFO] [jts.startup_msg] [javax.enterprise.system.core.transaction.com.sun.jts.CosTransactions] [tid: _ThreadID=17 _ThreadName=RunLevelControllerThread-1532360224043] [timeMillis: 1532360241748] [levelValue: 800] [[
  JTS5014: Recoverable JTS instance, serverId = [100]]]

[2018-07-23T22:37:22.814+0700] [glassfish 4.1] [INFO] [NCLS-CORE-00087] [javax.enterprise.system.core] [tid: _ThreadID=20 _ThreadName=RunLevelControllerThread-1532360224055] [timeMillis: 1532360242814] [levelValue: 800] [[
  Grizzly Framework 2.3.23 started in: 2ms - bound to [/0.0.0.0:7676]]]

[2018-07-23T22:37:22.830+0700] [glassfish 4.1] [INFO] [NCLS-BOOTSTRAP-00027] [javax.enterprise.bootstrap] [tid: _ThreadID=1 _ThreadName=main] [timeMillis: 1532360242830] [levelValue: 800] [[
  Registered com.sun.enterprise.glassfish.bootstrap.osgi.EmbeddedOSGiGlassFishImpl@456bcb74 as OSGi service registration: org.apache.felix.framework.ServiceRegistrationImpl@55f4887d.]]

[2018-07-23T22:37:23.628+0700] [glassfish 4.1] [INFO] [NCLS-JMX-00005] [javax.enterprise.system.jmx] [tid: _ThreadID=60 _ThreadName=Thread-13] [timeMillis: 1532360243628] [levelValue: 800] [[
  JMXStartupService has started JMXConnector on JMXService URL service:jmx:rmi://DELL-PC.net.fpt:8686/jndi/rmi://DELL-PC.net.fpt:8686/jmxrmi]]

[2018-07-24T21:41:17.410+0700] [glassfish 4.1] [INFO] [NCLS-LOGGING-00009] [javax.enterprise.logging] [tid: _ThreadID=17 _ThreadName=RunLevelControllerThread-1532443276066] [timeMillis: 1532443277410] [levelValue: 800] [[
  Running GlassFish Version: GlassFish Server Open Source Edition  4.1.1  (build 1)]]

[2018-07-24T21:41:17.414+0700] [glassfish 4.1] [INFO] [NCLS-LOGGING-00010] [javax.enterprise.logging] [tid: _ThreadID=17 _ThreadName=RunLevelControllerThread-1532443276066] [timeMillis: 1532443277414] [levelValue: 800] [[
  Server log file is using Formatter class: com.sun.enterprise.server.logging.ODLLogFormatter]]

[2018-07-24T21:41:18.070+0700] [glassfish 4.1] [INFO] [NCLS-SECURITY-01115] [javax.enterprise.system.core.security] [tid: _ThreadID=18 _ThreadName=RunLevelControllerThread-1532443276086] [timeMillis: 1532443278070] [levelValue: 800] [[
  Realm [admin-realm] of classtype [com.sun.enterprise.security.auth.realm.file.FileRealm] successfully created.]]

[2018-07-24T21:41:18.138+0700] [glassfish 4.1] [INFO] [NCLS-SECURITY-01115] [javax.enterprise.system.core.security] [tid: _ThreadID=18 _ThreadName=RunLevelControllerThread-1532443276086] [timeMillis: 1532443278138] [levelValue: 800] [[
  Realm [file] of classtype [com.sun.enterprise.security.auth.realm.file.FileRealm] successfully created.]]

[2018-07-24T21:41:18.144+0700] [glassfish 4.1] [INFO] [NCLS-SECURITY-01115] [javax.enterprise.system.core.security] [tid: _ThreadID=18 _ThreadName=RunLevelControllerThread-1532443276086] [timeMillis: 1532443278144] [levelValue: 800] [[
  Realm [certificate] of classtype [com.sun.enterprise.security.auth.realm.certificate.CertificateRealm] successfully created.]]

[2018-07-24T21:41:19.118+0700] [glassfish 4.1] [INFO] [SEC-SVCS-00100] [javax.enterprise.security.services] [tid: _ThreadID=16 _ThreadName=RunLevelControllerThread-1532443276062] [timeMillis: 1532443279118] [levelValue: 800] [[
  Authorization Service has successfully initialized.]]

[2018-07-24T21:41:19.210+0700] [glassfish 4.1] [INFO] [] [org.glassfish.ha.store.spi.BackingStoreFactoryRegistry] [tid: _ThreadID=17 _ThreadName=RunLevelControllerThread-1532443276066] [timeMillis: 1532443279210] [levelValue: 800] [[
  Registered org.glassfish.ha.store.adapter.cache.ShoalBackingStoreProxy for persistence-type = replicated in BackingStoreFactoryRegistry]]

[2018-07-24T21:41:20.296+0700] [glassfish 4.1] [WARNING] [] [org.glassfish.grizzly.config.Utils] [tid: _ThreadID=19 _ThreadName=RunLevelControllerThread-1532443276086] [timeMillis: 1532443280296] [levelValue: 900] [[
  Instance could not be initialized. Class=interface org.glassfish.grizzly.http.server.AddOn, name=http-listener-1, realClassName=org.glassfish.grizzly.http2.Http2AddOn]]

[2018-07-24T21:41:20.688+0700] [glassfish 4.1] [INFO] [NCLS-CORE-00087] [javax.enterprise.system.core] [tid: _ThreadID=19 _ThreadName=RunLevelControllerThread-1532443276086] [timeMillis: 1532443280688] [levelValue: 800] [[
  Grizzly Framework 2.3.23 started in: 246ms - bound to [/0.0.0.0:8080]]]

[2018-07-24T21:41:20.867+0700] [glassfish 4.1] [WARNING] [] [org.glassfish.grizzly.config.Utils] [tid: _ThreadID=19 _ThreadName=RunLevelControllerThread-1532443276086] [timeMillis: 1532443280867] [levelValue: 900] [[
  Instance could not be initialized. Class=interface org.glassfish.grizzly.http.server.AddOn, name=http-listener-2, realClassName=org.glassfish.grizzly.http2.Http2AddOn]]

[2018-07-24T21:41:20.875+0700] [glassfish 4.1] [INFO] [NCLS-CORE-00087] [javax.enterprise.system.core] [tid: _ThreadID=19 _ThreadName=RunLevelControllerThread-1532443276086] [timeMillis: 1532443280875] [levelValue: 800] [[
  Grizzly Framework 2.3.23 started in: 5ms - bound to [/0.0.0.0:8181]]]

[2018-07-24T21:41:20.877+0700] [glassfish 4.1] [WARNING] [] [org.glassfish.grizzly.config.Utils] [tid: _ThreadID=19 _ThreadName=RunLevelControllerThread-1532443276086] [timeMillis: 1532443280877] [levelValue: 900] [[
  Instance could not be initialized. Class=interface org.glassfish.grizzly.http.server.AddOn, name=admin-listener, realClassName=org.glassfish.grizzly.http2.Http2AddOn]]

[2018-07-24T21:41:20.924+0700] [glassfish 4.1] [INFO] [NCLS-CORE-00087] [javax.enterprise.system.core] [tid: _ThreadID=19 _ThreadName=RunLevelControllerThread-1532443276086] [timeMillis: 1532443280924] [levelValue: 800] [[
  Grizzly Framework 2.3.23 started in: 18ms - bound to [/0.0.0.0:4848]]]

[2018-07-24T21:41:21.225+0700] [glassfish 4.1] [INFO] [NCLS-CORE-00087] [javax.enterprise.system.core] [tid: _ThreadID=19 _ThreadName=RunLevelControllerThread-1532443276086] [timeMillis: 1532443281225] [levelValue: 800] [[
  Grizzly Framework 2.3.23 started in: 2ms - bound to [/0.0.0.0:3700]]]

[2018-07-24T21:41:21.229+0700] [glassfish 4.1] [INFO] [NCLS-CORE-00017] [javax.enterprise.system.core] [tid: _ThreadID=1 _ThreadName=main] [timeMillis: 1532443281229] [levelValue: 800] [[
  GlassFish Server Open Source Edition  4.1.1  (1) startup time : Felix (50,733ms), startup services(5,193ms), total(55,926ms)]]

[2018-07-24T21:41:23.213+0700] [glassfish 4.1] [INFO] [jts.startup_msg] [javax.enterprise.system.core.transaction.com.sun.jts.CosTransactions] [tid: _ThreadID=16 _ThreadName=RunLevelControllerThread-1532443276062] [timeMillis: 1532443283213] [levelValue: 800] [[
  JTS5014: Recoverable JTS instance, serverId = [100]]]

[2018-07-24T21:41:26.507+0700] [glassfish 4.1] [INFO] [] [org.hibernate.validator.internal.util.Version] [tid: _ThreadID=19 _ThreadName=RunLevelControllerThread-1532443276086] [timeMillis: 1532443286507] [levelValue: 800] [[
  HV000001: Hibernate Validator 5.1.2.Final]]

[2018-07-24T21:41:26.839+0700] [glassfish 4.1] [INFO] [NCLS-JMX-00005] [javax.enterprise.system.jmx] [tid: _ThreadID=50 _ThreadName=Thread-12] [timeMillis: 1532443286839] [levelValue: 800] [[
  JMXStartupService has started JMXConnector on JMXService URL service:jmx:rmi://DELL-PC.net.fpt:8686/jndi/rmi://DELL-PC.net.fpt:8686/jmxrmi]]

[2018-07-24T21:41:28.423+0700] [glassfish 4.1] [INFO] [NCLS-CORE-00087] [javax.enterprise.system.core] [tid: _ThreadID=19 _ThreadName=RunLevelControllerThread-1532443276086] [timeMillis: 1532443288423] [levelValue: 800] [[
  Grizzly Framework 2.3.23 started in: 1ms - bound to [/0.0.0.0:7676]]]

[2018-07-24T21:41:28.425+0700] [glassfish 4.1] [INFO] [NCLS-BOOTSTRAP-00027] [javax.enterprise.bootstrap] [tid: _ThreadID=1 _ThreadName=main] [timeMillis: 1532443288425] [levelValue: 800] [[
  Registered com.sun.enterprise.glassfish.bootstrap.osgi.EmbeddedOSGiGlassFishImpl@f339eae as OSGi service registration: org.apache.felix.framework.ServiceRegistrationImpl@ae7950d.]]

